d:\bureau\scolaire\esiea\3a\projet c\projet-c\projet3as1\projet3as1\release\vc142.pdb
d:\bureau\scolaire\esiea\3a\projet c\projet-c\projet3as1\projet3as1\release\main.obj
d:\bureau\scolaire\esiea\3a\projet c\projet-c\projet3as1\projet3as1\release\graph.obj
d:\bureau\scolaire\esiea\3a\projet c\projet-c\projet3as1\release\projet3as1.dll
d:\bureau\scolaire\esiea\3a\projet c\projet-c\projet3as1\release\projet3as1.pdb
d:\bureau\scolaire\esiea\3a\projet c\projet-c\projet3as1\release\graph.dll
d:\bureau\scolaire\esiea\3a\projet c\projet-c\projet3as1\release\graph.pdb
d:\bureau\scolaire\esiea\3a\projet c\projet-c\projet3as1\release\projet3as1.lib
d:\bureau\scolaire\esiea\3a\projet c\projet-c\projet3as1\release\projet3as1.exp
d:\bureau\scolaire\esiea\3a\projet c\projet-c\projet3as1\release\projet3as1.ipdb
d:\bureau\scolaire\esiea\3a\projet c\projet-c\projet3as1\release\projet3as1.iobj
d:\bureau\scolaire\esiea\3a\projet c\projet-c\projet3as1\release\graph.lib
d:\bureau\scolaire\esiea\3a\projet c\projet-c\projet3as1\release\graph.exp
d:\bureau\scolaire\esiea\3a\projet c\projet-c\projet3as1\release\graph.ipdb
d:\bureau\scolaire\esiea\3a\projet c\projet-c\projet3as1\release\graph.iobj
d:\bureau\scolaire\esiea\3a\projet c\projet-c\projet3as1\projet3as1\release\projet3as1.tlog\cl.command.1.tlog
d:\bureau\scolaire\esiea\3a\projet c\projet-c\projet3as1\projet3as1\release\projet3as1.tlog\cl.read.1.tlog
d:\bureau\scolaire\esiea\3a\projet c\projet-c\projet3as1\projet3as1\release\projet3as1.tlog\cl.write.1.tlog
d:\bureau\scolaire\esiea\3a\projet c\projet-c\projet3as1\projet3as1\release\projet3as1.tlog\link.command.1.tlog
d:\bureau\scolaire\esiea\3a\projet c\projet-c\projet3as1\projet3as1\release\projet3as1.tlog\link.read.1.tlog
d:\bureau\scolaire\esiea\3a\projet c\projet-c\projet3as1\projet3as1\release\projet3as1.tlog\link.write.1.tlog
d:\bureau\scolaire\esiea\3a\projet c\projet-c\projet3as1\projet3as1\release\projet3as1.tlog\projet3as1.write.1u.tlog
